Harry Spotter/Temp/gradleOut/unityLibrary/build/outputs/logs/manifest-merger-release-report.txt
-- Merging decision tree log ---
manifest
ADDED from src/main/AndroidManifest.xml:3:1-30:12
INJECTED from src/main/AndroidManifest.xml:3:1-30:12
INJECTED from src/main/AndroidManifest.xml:3:1-30:12
INJECTED from src/main/AndroidManifest.xml:3:1-30:12
INJECTED from src/main/AndroidManifest.xml:3:1-30:12
INJECTED from src/main/AndroidManifest.xml:3:1-30:12
INJECTED from src/main/AndroidManifest.xml:3:1-30:12
	package
		ADDED from src/main/AndroidManifest.xml:3:70-98
		INJECTED from src/main/AndroidManifest.xml
		INJECTED from src/main/AndroidManifest.xml
	android:versionName
		INJECTED from src/main/AndroidManifest.xml
		ADDED from src/main/AndroidManifest.xml:3:1-30:12
		INJECTED from src/main/AndroidManifest.xml
	xmlns:tools
		ADDED from src/main/AndroidManifest.xml:3:99-145
	android:versionCode
		INJECTED from src/main/AndroidManifest.xml
		ADDED from src/main/AndroidManifest.xml:3:1-30:12
		INJECTED from src/main/AndroidManifest.xml
	xmlns:android
		ADDED from src/main/AndroidManifest.xml:3:11-69
application
ADDED from src/main/AndroidManifest.xml:4:3-16:17
activity#com.unity3d.player.UnityPlayerActivity
ADDED from src/main/AndroidManifest.xml:5:5-11:16
	android:screenOrientation
		ADDED from src/main/AndroidManifest.xml:5:111-153
	android:launchMode
		ADDED from src/main/AndroidManifest.xml:5:154-185
	android:hardwareAccelerated
		ADDED from src/main/AndroidManifest.xml:5:368-403
	android:configChanges
		ADDED from src/main/AndroidManifest.xml:5:186-367
	android:theme
		ADDED from src/main/AndroidManifest.xml:5:69-110
	android:name
		ADDED from src/main/AndroidManifest.xml:5:15-68
intent-filter#action:name:android.intent.action.MAIN+category:name:android.intent.category.LAUNCHER
ADDED from src/main/AndroidManifest.xml:6:7-9:23
action#android.intent.action.MAIN
ADDED from src/main/AndroidManifest.xml:7:9-61
	android:name
		ADDED from src/main/AndroidManifest.xml:7:17-58
category#android.intent.category.LAUNCHER
ADDED from src/main/AndroidManifest.xml:8:9-69
	android:name
		ADDED from src/main/AndroidManifest.xml:8:19-66
meta-data#unityplayer.UnityActivity
ADDED from src/main/AndroidManifest.xml:10:7-82
	android:value
		ADDED from src/main/AndroidManifest.xml:10:59-79
	android:name
		ADDED from src/main/AndroidManifest.xml:10:18-58
meta-data#unity.splash-mode
ADDED from src/main/AndroidManifest.xml:12:5-69
	android:value
		ADDED from src/main/AndroidManifest.xml:12:49-66
	android:name
		ADDED from src/main/AndroidManifest.xml:12:16-48
meta-data#unity.splash-enable
ADDED from src/main/AndroidManifest.xml:13:5-74
	android:value
		ADDED from src/main/AndroidManifest.xml:13:51-71
	android:name
		ADDED from src/main/AndroidManifest.xml:13:16-50
meta-data#unity.build-id
ADDED from src/main/AndroidManifest.xml:14:5-101
	android:value
		ADDED from src/main/AndroidManifest.xml:14:46-98
	android:name
		ADDED from src/main/AndroidManifest.xml:14:16-45
meta-data#com.google.ar.core
ADDED from src/main/AndroidManifest.xml:15:5-77
	android:value
		ADDED from src/main/AndroidManifest.xml:15:50-74
	android:name
		ADDED from src/main/AndroidManifest.xml:15:16-49
uses-feature#0x00020000
ADDED from src/main/AndroidManifest.xml:17:3-52
	android:glEsVersion
		ADDED from src/main/AndroidManifest.xml:17:17-49
uses-permission#android.permission.INTERNET
ADDED from src/main/AndroidManifest.xml:18:3-65
	android:name
		ADDED from src/main/AndroidManifest.xml:18:20-62
uses-permission#android.permission.ACCESS_NETWORK_STATE
ADDED from src/main/AndroidManifest.xml:19:3-77
	android:name
		ADDED from src/main/AndroidManifest.xml:19:20-74
uses-permission#android.permission.ACCESS_COARSE_LOCATION
ADDED from src/main/AndroidManifest.xml:20:3-79
	android:name
		ADDED from src/main/AndroidManifest.xml:20:20-76
uses-feature#android.hardware.location.gps
ADDED from src/main/AndroidManifest.xml:21:3-89
	android:required
		ADDED from src/main/AndroidManifest.xml:21:62-86
	android:name
		ADDED from src/main/AndroidManifest.xml:21:17-61
uses-feature#android.hardware.location
ADDED from src/main/AndroidManifest.xml:22:3-85
	android:required
		ADDED from src/main/AndroidManifest.xml:22:58-82
	android:name
		ADDED from src/main/AndroidManifest.xml:22:17-57
uses-permission#android.permission.CAMERA
ADDED from src/main/AndroidManifest.xml:23:3-63
	android:name
		ADDED from src/main/AndroidManifest.xml:23:20-60
uses-feature#android.hardware.camera
ADDED from src/main/AndroidManifest.xml:24:3-83
	android:required
		ADDED from src/main/AndroidManifest.xml:24:56-80
	android:name
		ADDED from src/main/AndroidManifest.xml:24:17-55
uses-feature#android.hardware.camera.autofocus
ADDED from src/main/AndroidManifest.xml:25:3-93
	android:required
		ADDED from src/main/AndroidManifest.xml:25:66-90
	android:name
		ADDED from src/main/AndroidManifest.xml:25:17-65
uses-feature#android.hardware.camera.front
ADDED from src/main/AndroidManifest.xml:26:3-89
	android:required
		ADDED from src/main/AndroidManifest.xml:26:62-86
	android:name
		ADDED from src/main/AndroidManifest.xml:26:17-61
uses-feature#android.hardware.touchscreen
ADDED from src/main/AndroidManifest.xml:27:3-88
	android:required
		ADDED from src/main/AndroidManifest.xml:27:61-85
	android:name
		ADDED from src/main/AndroidManifest.xml:27:17-60
uses-feature#android.hardware.touchscreen.multitouch
ADDED from src/main/AndroidManifest.xml:28:3-99
	android:required
		ADDED from src/main/AndroidManifest.xml:28:72-96
	android:name
		ADDED from src/main/AndroidManifest.xml:28:17-71
uses-feature#android.hardware.touchscreen.multitouch.distinct
ADDED from src/main/AndroidManifest.xml:29:3-108
	android:required
		ADDED from src/main/AndroidManifest.xml:29:81-105
	android:name
		ADDED from src/main/AndroidManifest.xml:29:17-80
uses-sdk
INJECTED from src/main/AndroidManifest.xml reason: use-sdk injection requested
INJECTED from src/main/AndroidManifest.xml
INJECTED from src/main/AndroidManifest.xml
INJECTED from src/main/AndroidManifest.xml
INJECTED from src/main/AndroidManifest.xml
	android:targetSdkVersion
		INJECTED from src/main/AndroidManifest.xml
		ADDED from src/main/AndroidManifest.xml
		INJECTED from src/main/AndroidManifest.xml
	android:minSdkVersion
		INJECTED from src/main/AndroidManifest.xml
		ADDED from src/main/AndroidManifest.xml
		INJECTED from src/main/AndroidManifest.xml